<?xml version="1.0" encoding="UTF-8"?>
<!-- Generated by org.testng.reporters.JUnitReportReporter -->
<testsuite hostname="air-m1.local" failures="0" tests="3" name="RectangleJUnitTest" time="0.001" errors="0" timestamp="2025-10-28T19:36:41 CET" skipped="0">
  <testcase classname="RectangleJUnitTest" name="testConstructorSetLenghWidht" time="0.001"/>
  <testcase classname="RectangleJUnitTest" name="testSettersUpdatesValues" time="0.000"/>
  <testcase classname="RectangleJUnitTest" name="testRectangleArea" time="0.000"/>
</testsuite> <!-- RectangleJUnitTest -->
