<?xml version="1.0" encoding="UTF-8"?>
<!-- Generated by org.testng.reporters.JUnitReportReporter -->
<testsuite hostname="air-m1.local" failures="0" tests="5" name="CalculatorTestNGTest" time="0.004" errors="0" timestamp="2025-10-28T19:36:41 CET" skipped="0">
  <testcase classname="CalculatorTestNGTest" name="testMultiply" time="0.000"/>
  <testcase classname="CalculatorTestNGTest" name="testDivideByZero" time="0.002"/>
  <testcase classname="CalculatorTestNGTest" name="testSubtract" time="0.001"/>
  <testcase classname="CalculatorTestNGTest" name="testDivide" time="0.001"/>
  <testcase classname="CalculatorTestNGTest" name="testAdd" time="0.000"/>
</testsuite> <!-- CalculatorTestNGTest -->
