<?xml version="1.0" encoding="UTF-8"?>
<!-- Generated by org.testng.reporters.JUnitReportReporter -->
<testsuite hostname="air-m1.local" failures="0" tests="3" name="RectangleTestNGTest" time="0.004" errors="0" timestamp="2025-10-28T19:36:41 CET" skipped="0">
  <testcase classname="RectangleTestNGTest" name="testSettersUpdatesValues" time="0.000"/>
  <testcase classname="RectangleTestNGTest" name="testRectangleArea" time="0.001"/>
  <testcase classname="RectangleTestNGTest" name="testConstructorSetLengthWidth" time="0.003"/>
</testsuite> <!-- RectangleTestNGTest -->
