<?xml version="1.0" encoding="UTF-8"?>
<!-- Generated by org.testng.reporters.JUnitReportReporter -->
<testsuite hostname="air-m1.local" failures="0" tests="5" name="EvenOddCheckerTestNG" time="0.001" errors="0" timestamp="2025-10-28T19:36:41 CET" skipped="0">
  <testcase classname="EvenOddCheckerTestNG" name="testNegativeOddNumber" time="0.000"/>
  <testcase classname="EvenOddCheckerTestNG" name="testZero" time="0.000"/>
  <testcase classname="EvenOddCheckerTestNG" name="testNegativeEvenNumber" time="0.000"/>
  <testcase classname="EvenOddCheckerTestNG" name="testOddNumber" time="0.000"/>
  <testcase classname="EvenOddCheckerTestNG" name="testEvenNumber" time="0.001"/>
</testsuite> <!-- EvenOddCheckerTestNG -->
