<?xml version="1.0" encoding="UTF-8"?>
<testsuite xmlns:xsi="http://www.w3.org/2001/XMLSchema-instance" xsi:noNamespaceSchemaLocation="https://maven.apache.org/surefire/maven-surefire-plugin/xsd/surefire-test-report.xsd" version="3.0.2" name="TestSuite" time="0.307" tests="26" errors="0" skipped="0" failures="0">
  <properties>
    <property name="java.specification.version" value="23"/>
    <property name="sun.jnu.encoding" value="UTF-8"/>
    <property name="java.class.path" value="/Users/TatyD/UnitTestsDummy/target/test-classes:/Users/TatyD/UnitTestsDummy/target/classes:/Users/TatyD/.m2/repository/junit/junit/4.13.2/junit-4.13.2.jar:/Users/TatyD/.m2/repository/org/hamcrest/hamcrest-core/1.3/hamcrest-core-1.3.jar:/Users/TatyD/.m2/repository/org/testng/testng/7.8.0/testng-7.8.0.jar:/Users/TatyD/.m2/repository/org/slf4j/slf4j-api/1.7.36/slf4j-api-1.7.36.jar:/Users/TatyD/.m2/repository/com/beust/jcommander/1.82/jcommander-1.82.jar:/Users/TatyD/.m2/repository/org/webjars/jquery/3.6.1/jquery-3.6.1.jar:"/>
    <property name="java.vm.vendor" value="Oracle Corporation"/>
    <property name="sun.arch.data.model" value="64"/>
    <property name="java.vendor.url" value="https://java.oracle.com/"/>
    <property name="user.timezone" value="Europe/Warsaw"/>
    <property name="os.name" value="Mac OS X"/>
    <property name="java.vm.specification.version" value="23"/>
    <property name="sun.java.launcher" value="SUN_STANDARD"/>
    <property name="user.country" value="BY"/>
    <property name="sun.boot.library.path" value="/Library/Java/JavaVirtualMachines/jdk-23.0.1.jdk/Contents/Home/lib"/>
    <property name="sun.java.command" value="/Users/TatyD/UnitTestsDummy/target/surefire/surefirebooter-20251028193640684_3.jar /Users/TatyD/UnitTestsDummy/target/surefire 2025-10-28T19-36-40_632-jvmRun1 surefire-20251028193640684_1tmp surefire_0-20251028193640684_2tmp"/>
    <property name="http.nonProxyHosts" value="local|*.local|169.254/16|*.169.254/16"/>
    <property name="jdk.debug" value="release"/>
    <property name="surefire.test.class.path" value="/Users/TatyD/UnitTestsDummy/target/test-classes:/Users/TatyD/UnitTestsDummy/target/classes:/Users/TatyD/.m2/repository/junit/junit/4.13.2/junit-4.13.2.jar:/Users/TatyD/.m2/repository/org/hamcrest/hamcrest-core/1.3/hamcrest-core-1.3.jar:/Users/TatyD/.m2/repository/org/testng/testng/7.8.0/testng-7.8.0.jar:/Users/TatyD/.m2/repository/org/slf4j/slf4j-api/1.7.36/slf4j-api-1.7.36.jar:/Users/TatyD/.m2/repository/com/beust/jcommander/1.82/jcommander-1.82.jar:/Users/TatyD/.m2/repository/org/webjars/jquery/3.6.1/jquery-3.6.1.jar:"/>
    <property name="sun.cpu.endian" value="little"/>
    <property name="user.home" value="/Users/TatyD"/>
    <property name="user.language" value="en"/>
    <property name="java.specification.vendor" value="Oracle Corporation"/>
    <property name="java.version.date" value="2024-10-15"/>
    <property name="java.home" value="/Library/Java/JavaVirtualMachines/jdk-23.0.1.jdk/Contents/Home"/>
    <property name="file.separator" value="/"/>
    <property name="basedir" value="/Users/TatyD/UnitTestsDummy"/>
    <property name="java.vm.compressedOopsMode" value="Zero based"/>
    <property name="line.separator" value="&#10;"/>
    <property name="java.vm.specification.vendor" value="Oracle Corporation"/>
    <property name="java.specification.name" value="Java Platform API Specification"/>
    <property name="apple.awt.application.name" value="ForkedBooter"/>
    <property name="surefire.real.class.path" value="/Users/TatyD/UnitTestsDummy/target/surefire/surefirebooter-20251028193640684_3.jar"/>
    <property name="sun.management.compiler" value="HotSpot 64-Bit Tiered Compilers"/>
    <property name="ftp.nonProxyHosts" value="local|*.local|169.254/16|*.169.254/16"/>
    <property name="java.runtime.version" value="23.0.1+11-39"/>
    <property name="user.name" value="TatyD"/>
    <property name="stdout.encoding" value="UTF-8"/>
    <property name="path.separator" value=":"/>
    <property name="os.version" value="26.0.1"/>
    <property name="java.runtime.name" value="OpenJDK Runtime Environment"/>
    <property name="file.encoding" value="UTF-8"/>
    <property name="java.vm.name" value="OpenJDK 64-Bit Server VM"/>
    <property name="localRepository" value="/Users/TatyD/.m2/repository"/>
    <property name="java.vendor.url.bug" value="https://bugreport.java.com/bugreport/"/>
    <property name="java.io.tmpdir" value="/var/folders/rd/5qwpk45x5w54jtrh05ksh64m0000gp/T/"/>
    <property name="java.version" value="23.0.1"/>
    <property name="user.dir" value="/Users/TatyD/UnitTestsDummy"/>
    <property name="os.arch" value="aarch64"/>
    <property name="java.vm.specification.name" value="Java Virtual Machine Specification"/>
    <property name="native.encoding" value="UTF-8"/>
    <property name="java.library.path" value="/Users/TatyD/Library/Java/Extensions:/Library/Java/Extensions:/Network/Library/Java/Extensions:/System/Library/Java/Extensions:/usr/lib/java:."/>
    <property name="java.vm.info" value="mixed mode, sharing"/>
    <property name="stderr.encoding" value="UTF-8"/>
    <property name="java.vendor" value="Oracle Corporation"/>
    <property name="java.vm.version" value="23.0.1+11-39"/>
    <property name="sun.io.unicode.encoding" value="UnicodeBig"/>
    <property name="socksNonProxyHosts" value="local|*.local|169.254/16|*.169.254/16"/>
    <property name="java.class.version" value="67.0"/>
  </properties>
  <testcase name="testConstructorSetLengthWidth" classname="RectangleTestNGTest" time="0.003">
    <system-err><![CDATA[SLF4J: Failed to load class "org.slf4j.impl.StaticLoggerBinder".
SLF4J: Defaulting to no-operation (NOP) logger implementation
SLF4J: See http://www.slf4j.org/codes.html#StaticLoggerBinder for further details.
]]></system-err>
  </testcase>
  <testcase name="testRectangleArea" classname="RectangleTestNGTest" time="0.0"/>
  <testcase name="testSettersUpdatesValues" classname="RectangleTestNGTest" time="0.0"/>
  <testcase name="testEvenNumber" classname="EvenOddCheckerTestNG" time="0.0">
    <system-out><![CDATA[Enter an Integer number:
Entered number is even
]]></system-out>
  </testcase>
  <testcase name="testNegativeEvenNumber" classname="EvenOddCheckerTestNG" time="0.0">
    <system-out><![CDATA[Enter an Integer number:
Entered number is even
]]></system-out>
  </testcase>
  <testcase name="testNegativeOddNumber" classname="EvenOddCheckerTestNG" time="0.0">
    <system-out><![CDATA[Enter an Integer number:
Entered number is odd
]]></system-out>
  </testcase>
  <testcase name="testOddNumber" classname="EvenOddCheckerTestNG" time="0.0">
    <system-out><![CDATA[Enter an Integer number:
Entered number is odd
]]></system-out>
  </testcase>
  <testcase name="testZero" classname="EvenOddCheckerTestNG" time="0.0">
    <system-out><![CDATA[Enter an Integer number:
Entered number is even
]]></system-out>
  </testcase>
  <testcase name="testAdd" classname="CalculatorTestNGTest" time="0.0"/>
  <testcase name="testDivide" classname="CalculatorTestNGTest" time="0.0"/>
  <testcase name="testDivideByZero" classname="CalculatorTestNGTest" time="0.0"/>
  <testcase name="testMultiply" classname="CalculatorTestNGTest" time="0.0"/>
  <testcase name="testSubtract" classname="CalculatorTestNGTest" time="0.0"/>
  <testcase name="testConstructorSetLenghWidht" classname="RectangleJUnitTest" time="0.001"/>
  <testcase name="testRectangleArea" classname="RectangleJUnitTest" time="0.0"/>
  <testcase name="testSettersUpdatesValues" classname="RectangleJUnitTest" time="0.0"/>
  <testcase name="testDivideByZero on testDivideByZero(CalculatorJUnitTest)" classname="CalculatorJUnitTest" time="0.001"/>
  <testcase name="testAdd on testAdd(CalculatorJUnitTest)" classname="CalculatorJUnitTest" time="0.0"/>
  <testcase name="testSubtract on testSubtract(CalculatorJUnitTest)" classname="CalculatorJUnitTest" time="0.0"/>
  <testcase name="testDivide on testDivide(CalculatorJUnitTest)" classname="CalculatorJUnitTest" time="0.0"/>
  <testcase name="testMultiply on testMultiply(CalculatorJUnitTest)" classname="CalculatorJUnitTest" time="0.0"/>
  <testcase name="testNegativeEvenNumber on testNegativeEvenNumber(EvenOddCheckerJUnitTest)" classname="EvenOddCheckerJUnitTest" time="0.0">
    <system-out><![CDATA[Enter an Integer number:
Entered number is even
]]></system-out>
  </testcase>
  <testcase name="testNegativeOddNumber on testNegativeOddNumber(EvenOddCheckerJUnitTest)" classname="EvenOddCheckerJUnitTest" time="0.001">
    <system-out><![CDATA[Enter an Integer number:
Entered number is odd
]]></system-out>
  </testcase>
  <testcase name="testZero on testZero(EvenOddCheckerJUnitTest)" classname="EvenOddCheckerJUnitTest" time="0.0">
    <system-out><![CDATA[Enter an Integer number:
Entered number is even
]]></system-out>
  </testcase>
  <testcase name="testEvenNumber on testEvenNumber(EvenOddCheckerJUnitTest)" classname="EvenOddCheckerJUnitTest" time="0.0">
    <system-out><![CDATA[Enter an Integer number:
Entered number is even
]]></system-out>
  </testcase>
  <testcase name="testOddNumber on testOddNumber(EvenOddCheckerJUnitTest)" classname="EvenOddCheckerJUnitTest" time="0.001">
    <system-out><![CDATA[Enter an Integer number:
Entered number is odd
]]></system-out>
  </testcase>
</testsuite>