<?xml version="1.0" encoding="UTF-8"?>
<!-- Generated by org.testng.reporters.JUnitReportReporter -->
<testsuite hostname="air-m1.local" failures="0" tests="5" name="CalculatorJUnitTest" time="0.030" errors="0" timestamp="2025-10-28T19:36:41 CET" skipped="0">
  <testcase classname="CalculatorJUnitTest" name="testDivideByZero" time="0.006"/>
  <testcase classname="CalculatorJUnitTest" name="testSubtract" time="0.006"/>
  <testcase classname="CalculatorJUnitTest" name="testAdd" time="0.006"/>
  <testcase classname="CalculatorJUnitTest" name="testDivide" time="0.006"/>
  <testcase classname="CalculatorJUnitTest" name="testMultiply" time="0.006"/>
</testsuite> <!-- CalculatorJUnitTest -->
