<?xml version="1.0" encoding="UTF-8"?>
<!-- Generated by org.testng.reporters.JUnitReportReporter -->
<testsuite hostname="air-m1.local" failures="0" tests="5" name="EvenOddCheckerJUnitTest" time="0.005" errors="0" timestamp="2025-10-28T19:36:41 CET" skipped="0">
  <testcase classname="EvenOddCheckerJUnitTest" name="testOddNumber" time="0.001"/>
  <testcase classname="EvenOddCheckerJUnitTest" name="testZero" time="0.001"/>
  <testcase classname="EvenOddCheckerJUnitTest" name="testEvenNumber" time="0.001"/>
  <testcase classname="EvenOddCheckerJUnitTest" name="testNegativeOddNumber" time="0.001"/>
  <testcase classname="EvenOddCheckerJUnitTest" name="testNegativeEvenNumber" time="0.001"/>
</testsuite> <!-- EvenOddCheckerJUnitTest -->
